<?xml version="1.0" encoding="UTF-8"?>
<!-- Generated by org.testng.reporters.JUnitXMLReporter -->
<testsuite ignored="0" hostname="LAPTOP-AVHKPG7J" failures="0" tests="4" name="Default test" time="0.03" errors="0" timestamp="2024-04-28T11:41:08 IST">
  <testcase classname="TestNGScripts.SampleTwoTest" name="testFour" time="0.005"/>
  <testcase classname="TestNGScripts.SampleTwoTest" name="testOne" time="0.001"/>
  <testcase classname="TestNGScripts.SampleTwoTest" name="testThree" time="0.0"/>
  <testcase classname="TestNGScripts.SampleTwoTest" name="testTwo" time="0.001"/>
</testsuite> <!-- Default test -->
