<?xml version="1.0" encoding="UTF-8"?>
<!-- Generated by org.testng.reporters.JUnitXMLReporter -->
<testsuite ignored="0" hostname="LAPTOP-AVHKPG7J" failures="0" tests="4" name="ModuleOneTest" time="0.033" errors="0" timestamp="2024-04-28T12:22:39 IST">
  <testcase classname="parallelScripts1.SampleOneTest1" name="testFour" time="0.006"/>
  <testcase classname="parallelScripts1.SampleOneTest1" name="testOne" time="0.0"/>
  <testcase classname="parallelScripts1.SampleOneTest1" name="testThree" time="0.0"/>
  <testcase classname="parallelScripts1.SampleOneTest1" name="testTwo" time="0.001"/>
</testsuite> <!-- ModuleOneTest -->
