<?xml version="1.0" encoding="UTF-8"?>
<testng-results ignored="0" total="12" passed="12" failed="0" skipped="0">
  <reporter-output>
  </reporter-output>
  <suite started-at="2024-04-28T12:22:39 IST" name="Suite" finished-at="2024-04-28T12:22:39 IST" duration-ms="37">
    <groups>
    </groups>
    <test started-at="2024-04-28T12:22:39 IST" name="ModuleOneTest" finished-at="2024-04-28T12:22:39 IST" duration-ms="33">
      <class name="parallelScripts1.SampleOneTest1">
        <test-method signature="testFour()[pri:0, instance:parallelScripts1.SampleOneTest1@fba92d3]" started-at="2024-04-28T12:22:39 IST" name="testFour" finished-at="2024-04-28T12:22:39 IST" duration-ms="6" status="PASS">
          <reporter-output>
          </reporter-output>
        </test-method> <!-- testFour -->
        <test-method signature="testOne()[pri:0, instance:parallelScripts1.SampleOneTest1@fba92d3]" started-at="2024-04-28T12:22:39 IST" name="testOne" finished-at="2024-04-28T12:22:39 IST" duration-ms="0" status="PASS">
          <reporter-output>
          </reporter-output>
        </test-method> <!-- testOne -->
        <test-method signature="testThree()[pri:0, instance:parallelScripts1.SampleOneTest1@fba92d3]" started-at="2024-04-28T12:22:39 IST" name="testThree" finished-at="2024-04-28T12:22:39 IST" duration-ms="0" status="PASS">
          <reporter-output>
          </reporter-output>
        </test-method> <!-- testThree -->
        <test-method signature="testTwo()[pri:0, instance:parallelScripts1.SampleOneTest1@fba92d3]" started-at="2024-04-28T12:22:39 IST" name="testTwo" finished-at="2024-04-28T12:22:39 IST" duration-ms="1" status="PASS">
          <reporter-output>
          </reporter-output>
        </test-method> <!-- testTwo -->
      </class> <!-- parallelScripts1.SampleOneTest1 -->
    </test> <!-- ModuleOneTest -->
    <test started-at="2024-04-28T12:22:39 IST" name="ModuleTwoTest" finished-at="2024-04-28T12:22:39 IST" duration-ms="37">
      <class name="parallelScripts1.SampleTwoTest2">
        <test-method signature="testFour()[pri:0, instance:parallelScripts1.SampleTwoTest2@47e2e487]" started-at="2024-04-28T12:22:39 IST" name="testFour" finished-at="2024-04-28T12:22:39 IST" duration-ms="6" status="PASS">
          <reporter-output>
          </reporter-output>
        </test-method> <!-- testFour -->
        <test-method signature="testThree()[pri:0, instance:parallelScripts1.SampleTwoTest2@47e2e487]" started-at="2024-04-28T12:22:39 IST" name="testThree" finished-at="2024-04-28T12:22:39 IST" duration-ms="1" status="PASS">
          <reporter-output>
          </reporter-output>
        </test-method> <!-- testThree -->
        <test-method signature="testOne()[pri:0, instance:parallelScripts1.SampleTwoTest2@47e2e487]" started-at="2024-04-28T12:22:39 IST" name="testOne" finished-at="2024-04-28T12:22:39 IST" duration-ms="0" status="PASS">
          <reporter-output>
          </reporter-output>
        </test-method> <!-- testOne -->
        <test-method signature="testTwo()[pri:0, instance:parallelScripts1.SampleTwoTest2@47e2e487]" started-at="2024-04-28T12:22:39 IST" name="testTwo" finished-at="2024-04-28T12:22:39 IST" duration-ms="1" status="PASS">
          <reporter-output>
          </reporter-output>
        </test-method> <!-- testTwo -->
      </class> <!-- parallelScripts1.SampleTwoTest2 -->
      <class name="parallelScripts1.SampleThreeTest3">
        <test-method signature="testFour()[pri:0, instance:parallelScripts1.SampleThreeTest3@201a4587]" started-at="2024-04-28T12:22:39 IST" name="testFour" finished-at="2024-04-28T12:22:39 IST" duration-ms="0" status="PASS">
          <reporter-output>
          </reporter-output>
        </test-method> <!-- testFour -->
        <test-method signature="testOne()[pri:0, instance:parallelScripts1.SampleThreeTest3@201a4587]" started-at="2024-04-28T12:22:39 IST" name="testOne" finished-at="2024-04-28T12:22:39 IST" duration-ms="0" status="PASS">
          <reporter-output>
          </reporter-output>
        </test-method> <!-- testOne -->
        <test-method signature="testThree()[pri:0, instance:parallelScripts1.SampleThreeTest3@201a4587]" started-at="2024-04-28T12:22:39 IST" name="testThree" finished-at="2024-04-28T12:22:39 IST" duration-ms="1" status="PASS">
          <reporter-output>
          </reporter-output>
        </test-method> <!-- testThree -->
        <test-method signature="testTwo()[pri:0, instance:parallelScripts1.SampleThreeTest3@201a4587]" started-at="2024-04-28T12:22:39 IST" name="testTwo" finished-at="2024-04-28T12:22:39 IST" duration-ms="2" status="PASS">
          <reporter-output>
          </reporter-output>
        </test-method> <!-- testTwo -->
      </class> <!-- parallelScripts1.SampleThreeTest3 -->
    </test> <!-- ModuleTwoTest -->
  </suite> <!-- Suite -->
</testng-results>
